e:\users\fatemeh\source\repos\farmer_qt\farmer_qt\x64\debug\vc143.pdb
e:\users\fatemeh\source\repos\farmer_qt\farmer_qt\x64\debug\qrc_farmer_qt.obj
e:\users\fatemeh\source\repos\farmer_qt\farmer_qt\x64\debug\tool.obj
e:\users\fatemeh\source\repos\farmer_qt\farmer_qt\x64\debug\farmer.obj
e:\users\fatemeh\source\repos\farmer_qt\farmer_qt\x64\debug\land_ui_element.obj
e:\users\fatemeh\source\repos\farmer_qt\farmer_qt\x64\debug\seed.obj
e:\users\fatemeh\source\repos\farmer_qt\farmer_qt\x64\debug\scope.obj
e:\users\fatemeh\source\repos\farmer_qt\farmer_qt\x64\debug\person.obj
e:\users\fatemeh\source\repos\farmer_qt\farmer_qt\x64\debug\main.obj
e:\users\fatemeh\source\repos\farmer_qt\farmer_qt\x64\debug\farmer_qt.obj
e:\users\fatemeh\source\repos\farmer_qt\farmer_qt\x64\debug\land.obj
e:\users\fatemeh\source\repos\farmer_qt\farmer_qt\x64\debug\moc_farmer_qt.obj
e:\users\fatemeh\source\repos\farmer_qt\farmer_qt\x64\debug\uic\ui_farmer_qt.h
e:\users\fatemeh\source\repos\farmer_qt\farmer_qt\x64\debug\rcc\qrc_farmer_qt.cpp
e:\users\fatemeh\source\repos\farmer_qt\farmer_qt\x64\debug\moc\moc_farmer_qt.cpp
e:\users\fatemeh\source\repos\farmer_qt\x64\debug\farmer_qt.exe
e:\users\fatemeh\source\repos\farmer_qt\x64\debug\farmer_qt.ilk
e:\users\fatemeh\source\repos\farmer_qt\x64\debug\farmer_qt.pdb
e:\users\fatemeh\source\repos\farmer_qt\farmer_qt\x64\debug\farmer_qt.res
e:\users\fatemeh\source\repos\farmer_qt\farmer_qt\x64\debug\farmer_qt.tlog\cl.command.1.tlog
e:\users\fatemeh\source\repos\farmer_qt\farmer_qt\x64\debug\farmer_qt.tlog\cl.read.1.tlog
e:\users\fatemeh\source\repos\farmer_qt\farmer_qt\x64\debug\farmer_qt.tlog\cl.write.1.tlog
e:\users\fatemeh\source\repos\farmer_qt\farmer_qt\x64\debug\farmer_qt.tlog\farmer_qt.write.1u.tlog
e:\users\fatemeh\source\repos\farmer_qt\farmer_qt\x64\debug\farmer_qt.tlog\link.command.1.tlog
e:\users\fatemeh\source\repos\farmer_qt\farmer_qt\x64\debug\farmer_qt.tlog\link.read.1.tlog
e:\users\fatemeh\source\repos\farmer_qt\farmer_qt\x64\debug\farmer_qt.tlog\link.write.1.tlog
e:\users\fatemeh\source\repos\farmer_qt\farmer_qt\x64\debug\farmer_qt.tlog\moc.read.1u.tlog
e:\users\fatemeh\source\repos\farmer_qt\farmer_qt\x64\debug\farmer_qt.tlog\moc.write.1u.tlog
e:\users\fatemeh\source\repos\farmer_qt\farmer_qt\x64\debug\farmer_qt.tlog\rc.command.1.tlog
e:\users\fatemeh\source\repos\farmer_qt\farmer_qt\x64\debug\farmer_qt.tlog\rc.read.1.tlog
e:\users\fatemeh\source\repos\farmer_qt\farmer_qt\x64\debug\farmer_qt.tlog\rc.write.1.tlog
e:\users\fatemeh\source\repos\farmer_qt\farmer_qt\x64\debug\farmer_qt.tlog\rcc.read.1u.tlog
e:\users\fatemeh\source\repos\farmer_qt\farmer_qt\x64\debug\farmer_qt.tlog\rcc.write.1u.tlog
e:\users\fatemeh\source\repos\farmer_qt\farmer_qt\x64\debug\farmer_qt.tlog\uic.read.1u.tlog
e:\users\fatemeh\source\repos\farmer_qt\farmer_qt\x64\debug\farmer_qt.tlog\uic.write.1u.tlog
